<html><head><meta charset="utf-8"/><title>JobForge Test Report</title><style type="text/css">:root {
  --text-primary: #111;
  --text-secondary: #4f4f4f;
  --success: #006633;
  --success-bright: #80ffbf;
  --danger: #cc071e;
  --danger-bright: #fbdfe0;
  --warning: #995c00;
  --warning-bright: #ffeea8;
  --panel: #eee;
  --border: #949494;
  --disabled: #6b6b6b;
}

html,
body {
  font-family: Arial, Helvetica, sans-serif;
  font-size: 16px;
  margin: 0;
  padding: 0;
  color: var(--text-primary);
}
body {
  padding: 2rem 1rem;
}
.jesthtml-content {
  margin: 0 auto;
  max-width: 70rem;
}
header {
  display: flex;
  align-items: center;
}
#title {
  margin: 0;
  flex-grow: 1;
}
#logo {
  height: 4rem;
}
#timestamp {
  color: var(--text-secondary);
  margin-top: 0.5rem;
}

#metadata-container {
  display: flex;
  flex-direction: column;
  gap: 2rem;
  margin-bottom: 2rem;
}

.additional-information-container {
  display: flex;
  flex-direction: column;
  gap: 0.5rem;
  color: var(--text-secondary);
}

/** SUMMARY */
#summary {
  color: var(--text-primary);
  display: flex;
  font-family: monospace;
  font-size: 1rem;
}
#summary > div {
  margin-right: 0.5rem;
  background: var(--panel);
  padding: 1rem;
  min-width: 15rem;
}
#summary > div:last-child {
  margin-right: 0;
}
@media only screen and (max-width: 720px) {
  #summary {
    flex-direction: column;
  }
  #summary > div {
    margin-right: 0;
    margin-top: 1rem;
  }
  #summary > div:first-child {
    margin-top: 0;
  }
}

.summary-total {
  font-weight: bold;
  margin-bottom: 0.5rem;
}
.summary-passed {
  color: var(--success);
  border-left: 0.4rem solid var(--success);
  padding-left: 0.5rem;
  margin-bottom: 0.15rem;
}
.summary-failed,
.summary-obsolete-snapshots {
  color: var(--danger);
  border-left: 0.4rem solid var(--danger);
  padding-left: 0.5rem;
  margin-bottom: 0.15rem;
}
.summary-pending {
  color: var(--warning);
  border-left: 0.4rem solid var(--warning);
  padding-left: 0.5rem;
  margin-bottom: 0.15rem;
}
.summary-empty {
  color: var(--disabled);
  border-left: 0.4rem solid var(--disabled);
  margin-bottom: 0.15rem;
}

.test-result {
  padding: 1rem;
  margin-bottom: 0.25rem;
}
.test-result:last-child {
  border: 0;
}
.test-result.passed {
  background-color: var(--success-bright);
  color: var(--success);
}
.test-result.failed {
  background-color: var(--danger-bright);
  color: var(--danger);
}
.test-result.pending {
  background-color: var(--warning-bright);
  color: var(--warning);
}

.test-info {
  display: flex;
  justify-content: space-between;
}
.test-suitename {
  width: 20%;
  text-align: left;
  font-weight: bold;
  word-break: break-word;
}
.test-title {
  width: 40%;
  text-align: left;
  font-style: italic;
}
.test-status {
  width: 20%;
  text-align: right;
}
.test-duration {
  width: 10%;
  text-align: right;
  font-size: 0.85rem;
}

.failureMessages {
  padding: 0 1rem;
  margin-top: 1rem;
  border-top: 1px dashed var(--danger);
}
.failureMessages.suiteFailure {
  border-top: none;
}
.failureMsg {
  white-space: pre-wrap;
  white-space: -moz-pre-wrap;
  white-space: -pre-wrap;
  white-space: -o-pre-wrap;
  word-wrap: break-word;
}

.suite-container {
  margin-bottom: 1rem;
}
.suite-info {
  padding: 1rem;
  background-color: var(--panel);
  color: var(--text-secondary);
  border: 0.15rem solid;
  border-color: var(--panel);
  display: flex;
  align-items: center;
  margin-bottom: 0.25rem;
}
.suite-info:hover {
  border-color: var(--border);
  cursor: pointer;
}
.suite-info .suite-path {
  word-break: break-all;
  flex-grow: 1;
  font-family: monospace;
  font-size: 1rem;
}
.suite-info .suite-time {
  margin-left: 1rem;
  padding: 0.2rem 0.3rem;
  font-size: 0.85rem;
}
.suite-info .suite-time.warn {
  background-color: var(--danger);
  color: #fff;
}
.suite-info:before {
  content: "\2303";
  display: inline-block;
  margin-right: 1rem;
  transform: rotate(180deg) translateY(0.15rem);
}
.suite-container[open] .suite-info:before {
  transform: rotate(0deg) translateY(0.15rem);
}

/* CONSOLE LOGS */
.suite-consolelog {
  margin-bottom: 0.25rem;
  padding: 1rem;
  background-color: var(--panel);
}
.suite-consolelog-header {
  font-weight: bold;
}
.suite-consolelog-item {
  padding: 0.5rem;
}
.suite-consolelog-item pre {
  margin: 0.5rem 0;
  white-space: pre-wrap;
  white-space: -moz-pre-wrap;
  white-space: -pre-wrap;
  white-space: -o-pre-wrap;
  word-wrap: break-word;
}
.suite-consolelog-item-origin {
  color: var(--text-secondary);
  font-weight: bold;
}
.suite-consolelog-item-message {
  color: var(--text-primary);
  font-size: 1rem;
  padding: 0 0.5rem;
}

/* OBSOLETE SNAPSHOTS */
.suite-obsolete-snapshots {
  margin-bottom: 0.25rem;
  padding: 1rem;
  background-color: var(--danger-bright);
  color: var(--danger);
}
.suite-obsolete-snapshots-header {
  font-weight: bold;
}
.suite-obsolete-snapshots-item {
  padding: 0.5rem;
}
.suite-obsolete-snapshots-item pre {
  margin: 0.5rem 0;
  white-space: pre-wrap;
  white-space: -moz-pre-wrap;
  white-space: -pre-wrap;
  white-space: -o-pre-wrap;
  word-wrap: break-word;
}
.suite-obsolete-snapshots-item-message {
  color: var(--text-primary);
  font-size: 1rem;
  padding: 0 0.5rem;
}
</style></head><body><main class="jesthtml-content"><header><h1 id="title">JobForge Test Report</h1></header><section id="metadata-container"><div id="timestamp">Started: 2025-08-01 14:04:49</div><div id="summary"><div id="suite-summary"><div class="summary-total">Suites (1)</div><div class="summary-passed  summary-empty">0 passed</div><div class="summary-failed ">1 failed</div><div class="summary-pending  summary-empty">0 pending</div></div><div id="test-summary"><div class="summary-total">Tests (0)</div><div class="summary-passed  summary-empty">0 passed</div><div class="summary-failed  summary-empty">0 failed</div><div class="summary-pending  summary-empty">0 pending</div></div></div></section><details id="suite-1" class="suite-container" open=""><summary class="suite-info"><div class="suite-path">/home/runner/work/Platform-for-remote-work-and-freelancingPlatform-for-remote-work-and-freelancing-second/Platform-for-remote-work-and-freelancingPlatform-for-remote-work-and-freelancing-second/backend/test/integration.spec.ts</div><div class="suite-time">0s</div></summary><div class="suite-tests"><div class="test-result failed"><div class="failureMessages suiteFailure"> <pre class="failureMsg">  ‚óè Test suite failed to run

    test/integration.spec.ts:52:34 - error TS2349: This expression is not callable.
      Type '{ default: SuperTestStatic; Test: typeof Test; agent: typeof TestAgent &amp; ((app?: App, options?: AgentOptions) =&gt; TestAgent&lt;Test&gt;); }' has no call signatures.

    52     const jobseekerCheck = await request(baseUrl)
                                        ~~~~~~~

      test/integration.spec.ts:1:1
        1 import * as request from 'supertest';
          ~~~~~~~~~~~~~~~~~~~~~~~~~~~~~~~~~~~~~
        Type originates at this import. A namespace-style import cannot be called or constructed, and will cause a failure at runtime. Consider using a default import or import require here instead.
    test/integration.spec.ts:59:13 - error TS2349: This expression is not callable.
      Type '{ default: SuperTestStatic; Test: typeof Test; agent: typeof TestAgent &amp; ((app?: App, options?: AgentOptions) =&gt; TestAgent&lt;Test&gt;); }' has no call signatures.

    59       await request(baseUrl)
                   ~~~~~~~

      test/integration.spec.ts:1:1
        1 import * as request from 'supertest';
          ~~~~~~~~~~~~~~~~~~~~~~~~~~~~~~~~~~~~~
        Type originates at this import. A namespace-style import cannot be called or constructed, and will cause a failure at runtime. Consider using a default import or import require here instead.
    test/integration.spec.ts:65:37 - error TS2349: This expression is not callable.
      Type '{ default: SuperTestStatic; Test: typeof Test; agent: typeof TestAgent &amp; ((app?: App, options?: AgentOptions) =&gt; TestAgent&lt;Test&gt;); }' has no call signatures.

    65     const jobseekerResponse = await request(baseUrl)
                                           ~~~~~~~

      test/integration.spec.ts:1:1
        1 import * as request from 'supertest';
          ~~~~~~~~~~~~~~~~~~~~~~~~~~~~~~~~~~~~~
        Type originates at this import. A namespace-style import cannot be called or constructed, and will cause a failure at runtime. Consider using a default import or import require here instead.
    test/integration.spec.ts:78:36 - error TS2349: This expression is not callable.
      Type '{ default: SuperTestStatic; Test: typeof Test; agent: typeof TestAgent &amp; ((app?: App, options?: AgentOptions) =&gt; TestAgent&lt;Test&gt;); }' has no call signatures.

    78     const jobseekerProfile = await request(baseUrl)
                                          ~~~~~~~

      test/integration.spec.ts:1:1
        1 import * as request from 'supertest';
          ~~~~~~~~~~~~~~~~~~~~~~~~~~~~~~~~~~~~~
        Type originates at this import. A namespace-style import cannot be called or constructed, and will cause a failure at runtime. Consider using a default import or import require here instead.
    test/integration.spec.ts:85:33 - error TS2349: This expression is not callable.
      Type '{ default: SuperTestStatic; Test: typeof Test; agent: typeof TestAgent &amp; ((app?: App, options?: AgentOptions) =&gt; TestAgent&lt;Test&gt;); }' has no call signatures.

    85     const employerCheck = await request(baseUrl)
                                       ~~~~~~~

      test/integration.spec.ts:1:1
        1 import * as request from 'supertest';
          ~~~~~~~~~~~~~~~~~~~~~~~~~~~~~~~~~~~~~
        Type originates at this import. A namespace-style import cannot be called or constructed, and will cause a failure at runtime. Consider using a default import or import require here instead.
    test/integration.spec.ts:92:13 - error TS2349: This expression is not callable.
      Type '{ default: SuperTestStatic; Test: typeof Test; agent: typeof TestAgent &amp; ((app?: App, options?: AgentOptions) =&gt; TestAgent&lt;Test&gt;); }' has no call signatures.

    92       await request(baseUrl)
                   ~~~~~~~

      test/integration.spec.ts:1:1
        1 import * as request from 'supertest';
          ~~~~~~~~~~~~~~~~~~~~~~~~~~~~~~~~~~~~~
        Type originates at this import. A namespace-style import cannot be called or constructed, and will cause a failure at runtime. Consider using a default import or import require here instead.
    test/integration.spec.ts:98:36 - error TS2349: This expression is not callable.
      Type '{ default: SuperTestStatic; Test: typeof Test; agent: typeof TestAgent &amp; ((app?: App, options?: AgentOptions) =&gt; TestAgent&lt;Test&gt;); }' has no call signatures.

    98     const employerResponse = await request(baseUrl)
                                          ~~~~~~~

      test/integration.spec.ts:1:1
        1 import * as request from 'supertest';
          ~~~~~~~~~~~~~~~~~~~~~~~~~~~~~~~~~~~~~
        Type originates at this import. A namespace-style import cannot be called or constructed, and will cause a failure at runtime. Consider using a default import or import require here instead.
    test/integration.spec.ts:111:35 - error TS2349: This expression is not callable.
      Type '{ default: SuperTestStatic; Test: typeof Test; agent: typeof TestAgent &amp; ((app?: App, options?: AgentOptions) =&gt; TestAgent&lt;Test&gt;); }' has no call signatures.

    111     const employerProfile = await request(baseUrl)
                                          ~~~~~~~

      test/integration.spec.ts:1:1
        1 import * as request from 'supertest';
          ~~~~~~~~~~~~~~~~~~~~~~~~~~~~~~~~~~~~~
        Type originates at this import. A namespace-style import cannot be called or constructed, and will cause a failure at runtime. Consider using a default import or import require here instead.
    test/integration.spec.ts:118:37 - error TS2349: This expression is not callable.
      Type '{ default: SuperTestStatic; Test: typeof Test; agent: typeof TestAgent &amp; ((app?: App, options?: AgentOptions) =&gt; TestAgent&lt;Test&gt;); }' has no call signatures.

    118     const moderatorResponse = await request(baseUrl)
                                            ~~~~~~~

      test/integration.spec.ts:1:1
        1 import * as request from 'supertest';
          ~~~~~~~~~~~~~~~~~~~~~~~~~~~~~~~~~~~~~
        Type originates at this import. A namespace-style import cannot be called or constructed, and will cause a failure at runtime. Consider using a default import or import require here instead.
    test/integration.spec.ts:131:36 - error TS2349: This expression is not callable.
      Type '{ default: SuperTestStatic; Test: typeof Test; agent: typeof TestAgent &amp; ((app?: App, options?: AgentOptions) =&gt; TestAgent&lt;Test&gt;); }' has no call signatures.

    131     const moderatorProfile = await request(baseUrl)
                                           ~~~~~~~

      test/integration.spec.ts:1:1
        1 import * as request from 'supertest';
          ~~~~~~~~~~~~~~~~~~~~~~~~~~~~~~~~~~~~~
        Type originates at this import. A namespace-style import cannot be called or constructed, and will cause a failure at runtime. Consider using a default import or import require here instead.
    test/integration.spec.ts:138:33 - error TS2349: This expression is not callable.
      Type '{ default: SuperTestStatic; Test: typeof Test; agent: typeof TestAgent &amp; ((app?: App, options?: AgentOptions) =&gt; TestAgent&lt;Test&gt;); }' has no call signatures.

    138     const adminResponse = await request(baseUrl)
                                        ~~~~~~~

      test/integration.spec.ts:1:1
        1 import * as request from 'supertest';
          ~~~~~~~~~~~~~~~~~~~~~~~~~~~~~~~~~~~~~
        Type originates at this import. A namespace-style import cannot be called or constructed, and will cause a failure at runtime. Consider using a default import or import require here instead.
    test/integration.spec.ts:154:38 - error TS2349: This expression is not callable.
      Type '{ default: SuperTestStatic; Test: typeof Test; agent: typeof TestAgent &amp; ((app?: App, options?: AgentOptions) =&gt; TestAgent&lt;Test&gt;); }' has no call signatures.

    154     const categoriesResponse = await request(baseUrl)
                                             ~~~~~~~

      test/integration.spec.ts:1:1
        1 import * as request from 'supertest';
          ~~~~~~~~~~~~~~~~~~~~~~~~~~~~~~~~~~~~~
        Type originates at this import. A namespace-style import cannot be called or constructed, and will cause a failure at runtime. Consider using a default import or import require here instead.
    test/integration.spec.ts:160:15 - error TS2349: This expression is not callable.
      Type '{ default: SuperTestStatic; Test: typeof Test; agent: typeof TestAgent &amp; ((app?: App, options?: AgentOptions) =&gt; TestAgent&lt;Test&gt;); }' has no call signatures.

    160         await request(baseUrl)
                      ~~~~~~~

      test/integration.spec.ts:1:1
        1 import * as request from 'supertest';
          ~~~~~~~~~~~~~~~~~~~~~~~~~~~~~~~~~~~~~
        Type originates at this import. A namespace-style import cannot be called or constructed, and will cause a failure at runtime. Consider using a default import or import require here instead.
    test/integration.spec.ts:174:15 - error TS2349: This expression is not callable.
      Type '{ default: SuperTestStatic; Test: typeof Test; agent: typeof TestAgent &amp; ((app?: App, options?: AgentOptions) =&gt; TestAgent&lt;Test&gt;); }' has no call signatures.

    174         await request(baseUrl)
                      ~~~~~~~

      test/integration.spec.ts:1:1
        1 import * as request from 'supertest';
          ~~~~~~~~~~~~~~~~~~~~~~~~~~~~~~~~~~~~~
        Type originates at this import. A namespace-style import cannot be called or constructed, and will cause a failure at runtime. Consider using a default import or import require here instead.
    test/integration.spec.ts:186:15 - error TS2349: This expression is not callable.
      Type '{ default: SuperTestStatic; Test: typeof Test; agent: typeof TestAgent &amp; ((app?: App, options?: AgentOptions) =&gt; TestAgent&lt;Test&gt;); }' has no call signatures.

    186         await request(baseUrl)
                      ~~~~~~~

      test/integration.spec.ts:1:1
        1 import * as request from 'supertest';
          ~~~~~~~~~~~~~~~~~~~~~~~~~~~~~~~~~~~~~
        Type originates at this import. A namespace-style import cannot be called or constructed, and will cause a failure at runtime. Consider using a default import or import require here instead.
    test/integration.spec.ts:198:15 - error TS2349: This expression is not callable.
      Type '{ default: SuperTestStatic; Test: typeof Test; agent: typeof TestAgent &amp; ((app?: App, options?: AgentOptions) =&gt; TestAgent&lt;Test&gt;); }' has no call signatures.

    198         await request(baseUrl)
                      ~~~~~~~

      test/integration.spec.ts:1:1
        1 import * as request from 'supertest';
          ~~~~~~~~~~~~~~~~~~~~~~~~~~~~~~~~~~~~~
        Type originates at this import. A namespace-style import cannot be called or constructed, and will cause a failure at runtime. Consider using a default import or import require here instead.
    test/integration.spec.ts:210:15 - error TS2349: This expression is not callable.
      Type '{ default: SuperTestStatic; Test: typeof Test; agent: typeof TestAgent &amp; ((app?: App, options?: AgentOptions) =&gt; TestAgent&lt;Test&gt;); }' has no call signatures.

    210         await request(baseUrl)
                      ~~~~~~~

      test/integration.spec.ts:1:1
        1 import * as request from 'supertest';
          ~~~~~~~~~~~~~~~~~~~~~~~~~~~~~~~~~~~~~
        Type originates at this import. A namespace-style import cannot be called or constructed, and will cause a failure at runtime. Consider using a default import or import require here instead.
    test/integration.spec.ts:222:15 - error TS2349: This expression is not callable.
      Type '{ default: SuperTestStatic; Test: typeof Test; agent: typeof TestAgent &amp; ((app?: App, options?: AgentOptions) =&gt; TestAgent&lt;Test&gt;); }' has no call signatures.

    222         await request(baseUrl)
                      ~~~~~~~

      test/integration.spec.ts:1:1
        1 import * as request from 'supertest';
          ~~~~~~~~~~~~~~~~~~~~~~~~~~~~~~~~~~~~~
        Type originates at this import. A namespace-style import cannot be called or constructed, and will cause a failure at runtime. Consider using a default import or import require here instead.
    test/integration.spec.ts:237:15 - error TS2349: This expression is not callable.
      Type '{ default: SuperTestStatic; Test: typeof Test; agent: typeof TestAgent &amp; ((app?: App, options?: AgentOptions) =&gt; TestAgent&lt;Test&gt;); }' has no call signatures.

    237         await request(baseUrl)
                      ~~~~~~~

      test/integration.spec.ts:1:1
        1 import * as request from 'supertest';
          ~~~~~~~~~~~~~~~~~~~~~~~~~~~~~~~~~~~~~
        Type originates at this import. A namespace-style import cannot be called or constructed, and will cause a failure at runtime. Consider using a default import or import require here instead.
    test/integration.spec.ts:250:15 - error TS2349: This expression is not callable.
      Type '{ default: SuperTestStatic; Test: typeof Test; agent: typeof TestAgent &amp; ((app?: App, options?: AgentOptions) =&gt; TestAgent&lt;Test&gt;); }' has no call signatures.

    250         await request(baseUrl)
                      ~~~~~~~

      test/integration.spec.ts:1:1
        1 import * as request from 'supertest';
          ~~~~~~~~~~~~~~~~~~~~~~~~~~~~~~~~~~~~~
        Type originates at this import. A namespace-style import cannot be called or constructed, and will cause a failure at runtime. Consider using a default import or import require here instead.
    test/integration.spec.ts:262:15 - error TS2349: This expression is not callable.
      Type '{ default: SuperTestStatic; Test: typeof Test; agent: typeof TestAgent &amp; ((app?: App, options?: AgentOptions) =&gt; TestAgent&lt;Test&gt;); }' has no call signatures.

    262         await request(baseUrl)
                      ~~~~~~~

      test/integration.spec.ts:1:1
        1 import * as request from 'supertest';
          ~~~~~~~~~~~~~~~~~~~~~~~~~~~~~~~~~~~~~
        Type originates at this import. A namespace-style import cannot be called or constructed, and will cause a failure at runtime. Consider using a default import or import require here instead.
    test/integration.spec.ts:280:35 - error TS2349: This expression is not callable.
      Type '{ default: SuperTestStatic; Test: typeof Test; agent: typeof TestAgent &amp; ((app?: App, options?: AgentOptions) =&gt; TestAgent&lt;Test&gt;); }' has no call signatures.

    280       const adminResponse = await request(baseUrl)
                                          ~~~~~~~

      test/integration.spec.ts:1:1
        1 import * as request from 'supertest';
          ~~~~~~~~~~~~~~~~~~~~~~~~~~~~~~~~~~~~~
        Type originates at this import. A namespace-style import cannot be called or constructed, and will cause a failure at runtime. Consider using a default import or import require here instead.
    test/integration.spec.ts:298:28 - error TS2349: This expression is not callable.
      Type '{ default: SuperTestStatic; Test: typeof Test; agent: typeof TestAgent &amp; ((app?: App, options?: AgentOptions) =&gt; TestAgent&lt;Test&gt;); }' has no call signatures.

    298     const response = await request(baseUrl)
                                   ~~~~~~~

      test/integration.spec.ts:1:1
        1 import * as request from 'supertest';
          ~~~~~~~~~~~~~~~~~~~~~~~~~~~~~~~~~~~~~
        Type originates at this import. A namespace-style import cannot be called or constructed, and will cause a failure at runtime. Consider using a default import or import require here instead.
    test/integration.spec.ts:310:28 - error TS2349: This expression is not callable.
      Type '{ default: SuperTestStatic; Test: typeof Test; agent: typeof TestAgent &amp; ((app?: App, options?: AgentOptions) =&gt; TestAgent&lt;Test&gt;); }' has no call signatures.

    310     const response = await request(baseUrl)
                                   ~~~~~~~

      test/integration.spec.ts:1:1
        1 import * as request from 'supertest';
          ~~~~~~~~~~~~~~~~~~~~~~~~~~~~~~~~~~~~~
        Type originates at this import. A namespace-style import cannot be called or constructed, and will cause a failure at runtime. Consider using a default import or import require here instead.
    test/integration.spec.ts:322:28 - error TS2349: This expression is not callable.
      Type '{ default: SuperTestStatic; Test: typeof Test; agent: typeof TestAgent &amp; ((app?: App, options?: AgentOptions) =&gt; TestAgent&lt;Test&gt;); }' has no call signatures.

    322     const response = await request(baseUrl)
                                   ~~~~~~~

      test/integration.spec.ts:1:1
        1 import * as request from 'supertest';
          ~~~~~~~~~~~~~~~~~~~~~~~~~~~~~~~~~~~~~
        Type originates at this import. A namespace-style import cannot be called or constructed, and will cause a failure at runtime. Consider using a default import or import require here instead.
    test/integration.spec.ts:332:28 - error TS2349: This expression is not callable.
      Type '{ default: SuperTestStatic; Test: typeof Test; agent: typeof TestAgent &amp; ((app?: App, options?: AgentOptions) =&gt; TestAgent&lt;Test&gt;); }' has no call signatures.

    332     const response = await request(baseUrl)
                                   ~~~~~~~

      test/integration.spec.ts:1:1
        1 import * as request from 'supertest';
          ~~~~~~~~~~~~~~~~~~~~~~~~~~~~~~~~~~~~~
        Type originates at this import. A namespace-style import cannot be called or constructed, and will cause a failure at runtime. Consider using a default import or import require here instead.
    test/integration.spec.ts:345:28 - error TS2349: This expression is not callable.
      Type '{ default: SuperTestStatic; Test: typeof Test; agent: typeof TestAgent &amp; ((app?: App, options?: AgentOptions) =&gt; TestAgent&lt;Test&gt;); }' has no call signatures.

    345     const response = await request(baseUrl)
                                   ~~~~~~~

      test/integration.spec.ts:1:1
        1 import * as request from 'supertest';
          ~~~~~~~~~~~~~~~~~~~~~~~~~~~~~~~~~~~~~
        Type originates at this import. A namespace-style import cannot be called or constructed, and will cause a failure at runtime. Consider using a default import or import require here instead.
    test/integration.spec.ts:356:28 - error TS2349: This expression is not callable.
      Type '{ default: SuperTestStatic; Test: typeof Test; agent: typeof TestAgent &amp; ((app?: App, options?: AgentOptions) =&gt; TestAgent&lt;Test&gt;); }' has no call signatures.

    356     const response = await request(baseUrl)
                                   ~~~~~~~

      test/integration.spec.ts:1:1
        1 import * as request from 'supertest';
          ~~~~~~~~~~~~~~~~~~~~~~~~~~~~~~~~~~~~~
        Type originates at this import. A namespace-style import cannot be called or constructed, and will cause a failure at runtime. Consider using a default import or import require here instead.
    test/integration.spec.ts:375:28 - error TS2349: This expression is not callable.
      Type '{ default: SuperTestStatic; Test: typeof Test; agent: typeof TestAgent &amp; ((app?: App, options?: AgentOptions) =&gt; TestAgent&lt;Test&gt;); }' has no call signatures.

    375     const response = await request(baseUrl)
                                   ~~~~~~~

      test/integration.spec.ts:1:1
        1 import * as request from 'supertest';
          ~~~~~~~~~~~~~~~~~~~~~~~~~~~~~~~~~~~~~
        Type originates at this import. A namespace-style import cannot be called or constructed, and will cause a failure at runtime. Consider using a default import or import require here instead.
    test/integration.spec.ts:393:28 - error TS2349: This expression is not callable.
      Type '{ default: SuperTestStatic; Test: typeof Test; agent: typeof TestAgent &amp; ((app?: App, options?: AgentOptions) =&gt; TestAgent&lt;Test&gt;); }' has no call signatures.

    393     const response = await request(baseUrl)
                                   ~~~~~~~

      test/integration.spec.ts:1:1
        1 import * as request from 'supertest';
          ~~~~~~~~~~~~~~~~~~~~~~~~~~~~~~~~~~~~~
        Type originates at this import. A namespace-style import cannot be called or constructed, and will cause a failure at runtime. Consider using a default import or import require here instead.
    test/integration.spec.ts:404:34 - error TS2349: This expression is not callable.
      Type '{ default: SuperTestStatic; Test: typeof Test; agent: typeof TestAgent &amp; ((app?: App, options?: AgentOptions) =&gt; TestAgent&lt;Test&gt;); }' has no call signatures.

    404     const initialProfile = await request(baseUrl)
                                         ~~~~~~~

      test/integration.spec.ts:1:1
        1 import * as request from 'supertest';
          ~~~~~~~~~~~~~~~~~~~~~~~~~~~~~~~~~~~~~
        Type originates at this import. A namespace-style import cannot be called or constructed, and will cause a failure at runtime. Consider using a default import or import require here instead.
    test/integration.spec.ts:409:11 - error TS2349: This expression is not callable.
      Type '{ default: SuperTestStatic; Test: typeof Test; agent: typeof TestAgent &amp; ((app?: App, options?: AgentOptions) =&gt; TestAgent&lt;Test&gt;); }' has no call signatures.

    409     await request(baseUrl)
                  ~~~~~~~

      test/integration.spec.ts:1:1
        1 import * as request from 'supertest';
          ~~~~~~~~~~~~~~~~~~~~~~~~~~~~~~~~~~~~~
        Type originates at this import. A namespace-style import cannot be called or constructed, and will cause a failure at runtime. Consider using a default import or import require here instead.
    test/integration.spec.ts:412:34 - error TS2349: This expression is not callable.
      Type '{ default: SuperTestStatic; Test: typeof Test; agent: typeof TestAgent &amp; ((app?: App, options?: AgentOptions) =&gt; TestAgent&lt;Test&gt;); }' has no call signatures.

    412     const updatedProfile = await request(baseUrl)
                                         ~~~~~~~

      test/integration.spec.ts:1:1
        1 import * as request from 'supertest';
          ~~~~~~~~~~~~~~~~~~~~~~~~~~~~~~~~~~~~~
        Type originates at this import. A namespace-style import cannot be called or constructed, and will cause a failure at runtime. Consider using a default import or import require here instead.
    test/integration.spec.ts:422:28 - error TS2349: This expression is not callable.
      Type '{ default: SuperTestStatic; Test: typeof Test; agent: typeof TestAgent &amp; ((app?: App, options?: AgentOptions) =&gt; TestAgent&lt;Test&gt;); }' has no call signatures.

    422     const response = await request(baseUrl)
                                   ~~~~~~~

      test/integration.spec.ts:1:1
        1 import * as request from 'supertest';
          ~~~~~~~~~~~~~~~~~~~~~~~~~~~~~~~~~~~~~
        Type originates at this import. A namespace-style import cannot be called or constructed, and will cause a failure at runtime. Consider using a default import or import require here instead.
    test/integration.spec.ts:436:11 - error TS2349: This expression is not callable.
      Type '{ default: SuperTestStatic; Test: typeof Test; agent: typeof TestAgent &amp; ((app?: App, options?: AgentOptions) =&gt; TestAgent&lt;Test&gt;); }' has no call signatures.

    436     await request(baseUrl)
                  ~~~~~~~

      test/integration.spec.ts:1:1
        1 import * as request from 'supertest';
          ~~~~~~~~~~~~~~~~~~~~~~~~~~~~~~~~~~~~~
        Type originates at this import. A namespace-style import cannot be called or constructed, and will cause a failure at runtime. Consider using a default import or import require here instead.
    test/integration.spec.ts:442:28 - error TS2349: This expression is not callable.
      Type '{ default: SuperTestStatic; Test: typeof Test; agent: typeof TestAgent &amp; ((app?: App, options?: AgentOptions) =&gt; TestAgent&lt;Test&gt;); }' has no call signatures.

    442     const response = await request(baseUrl)
                                   ~~~~~~~

      test/integration.spec.ts:1:1
        1 import * as request from 'supertest';
          ~~~~~~~~~~~~~~~~~~~~~~~~~~~~~~~~~~~~~
        Type originates at this import. A namespace-style import cannot be called or constructed, and will cause a failure at runtime. Consider using a default import or import require here instead.
    test/integration.spec.ts:453:28 - error TS2349: This expression is not callable.
      Type '{ default: SuperTestStatic; Test: typeof Test; agent: typeof TestAgent &amp; ((app?: App, options?: AgentOptions) =&gt; TestAgent&lt;Test&gt;); }' has no call signatures.

    453     const response = await request(baseUrl)
                                   ~~~~~~~

      test/integration.spec.ts:1:1
        1 import * as request from 'supertest';
          ~~~~~~~~~~~~~~~~~~~~~~~~~~~~~~~~~~~~~
        Type originates at this import. A namespace-style import cannot be called or constructed, and will cause a failure at runtime. Consider using a default import or import require here instead.
    test/integration.spec.ts:463:28 - error TS2349: This expression is not callable.
      Type '{ default: SuperTestStatic; Test: typeof Test; agent: typeof TestAgent &amp; ((app?: App, options?: AgentOptions) =&gt; TestAgent&lt;Test&gt;); }' has no call signatures.

    463     const response = await request(baseUrl)
                                   ~~~~~~~

      test/integration.spec.ts:1:1
        1 import * as request from 'supertest';
          ~~~~~~~~~~~~~~~~~~~~~~~~~~~~~~~~~~~~~
        Type originates at this import. A namespace-style import cannot be called or constructed, and will cause a failure at runtime. Consider using a default import or import require here instead.
    test/integration.spec.ts:486:28 - error TS2349: This expression is not callable.
      Type '{ default: SuperTestStatic; Test: typeof Test; agent: typeof TestAgent &amp; ((app?: App, options?: AgentOptions) =&gt; TestAgent&lt;Test&gt;); }' has no call signatures.

    486     const response = await request(baseUrl)
                                   ~~~~~~~

      test/integration.spec.ts:1:1
        1 import * as request from 'supertest';
          ~~~~~~~~~~~~~~~~~~~~~~~~~~~~~~~~~~~~~
        Type originates at this import. A namespace-style import cannot be called or constructed, and will cause a failure at runtime. Consider using a default import or import require here instead.
    test/integration.spec.ts:500:30 - error TS2349: This expression is not callable.
      Type '{ default: SuperTestStatic; Test: typeof Test; agent: typeof TestAgent &amp; ((app?: App, options?: AgentOptions) =&gt; TestAgent&lt;Test&gt;); }' has no call signatures.

    500     const initialJob = await request(baseUrl)
                                     ~~~~~~~

      test/integration.spec.ts:1:1
        1 import * as request from 'supertest';
          ~~~~~~~~~~~~~~~~~~~~~~~~~~~~~~~~~~~~~
        Type originates at this import. A namespace-style import cannot be called or constructed, and will cause a failure at runtime. Consider using a default import or import require here instead.
    test/integration.spec.ts:504:11 - error TS2349: This expression is not callable.
      Type '{ default: SuperTestStatic; Test: typeof Test; agent: typeof TestAgent &amp; ((app?: App, options?: AgentOptions) =&gt; TestAgent&lt;Test&gt;); }' has no call signatures.

    504     await request(baseUrl)
                  ~~~~~~~

      test/integration.spec.ts:1:1
        1 import * as request from 'supertest';
          ~~~~~~~~~~~~~~~~~~~~~~~~~~~~~~~~~~~~~
        Type originates at this import. A namespace-style import cannot be called or constructed, and will cause a failure at runtime. Consider using a default import or import require here instead.
    test/integration.spec.ts:507:30 - error TS2349: This expression is not callable.
      Type '{ default: SuperTestStatic; Test: typeof Test; agent: typeof TestAgent &amp; ((app?: App, options?: AgentOptions) =&gt; TestAgent&lt;Test&gt;); }' has no call signatures.

    507     const updatedJob = await request(baseUrl)
                                     ~~~~~~~

      test/integration.spec.ts:1:1
        1 import * as request from 'supertest';
          ~~~~~~~~~~~~~~~~~~~~~~~~~~~~~~~~~~~~~
        Type originates at this import. A namespace-style import cannot be called or constructed, and will cause a failure at runtime. Consider using a default import or import require here instead.
    test/integration.spec.ts:516:11 - error TS2349: This expression is not callable.
      Type '{ default: SuperTestStatic; Test: typeof Test; agent: typeof TestAgent &amp; ((app?: App, options?: AgentOptions) =&gt; TestAgent&lt;Test&gt;); }' has no call signatures.

    516     await request(baseUrl)
                  ~~~~~~~

      test/integration.spec.ts:1:1
        1 import * as request from 'supertest';
          ~~~~~~~~~~~~~~~~~~~~~~~~~~~~~~~~~~~~~
        Type originates at this import. A namespace-style import cannot be called or constructed, and will cause a failure at runtime. Consider using a default import or import require here instead.
    test/integration.spec.ts:520:28 - error TS2349: This expression is not callable.
      Type '{ default: SuperTestStatic; Test: typeof Test; agent: typeof TestAgent &amp; ((app?: App, options?: AgentOptions) =&gt; TestAgent&lt;Test&gt;); }' has no call signatures.

    520     const response = await request(baseUrl)
                                   ~~~~~~~

      test/integration.spec.ts:1:1
        1 import * as request from 'supertest';
          ~~~~~~~~~~~~~~~~~~~~~~~~~~~~~~~~~~~~~
        Type originates at this import. A namespace-style import cannot be called or constructed, and will cause a failure at runtime. Consider using a default import or import require here instead.
    test/integration.spec.ts:533:28 - error TS2349: This expression is not callable.
      Type '{ default: SuperTestStatic; Test: typeof Test; agent: typeof TestAgent &amp; ((app?: App, options?: AgentOptions) =&gt; TestAgent&lt;Test&gt;); }' has no call signatures.

    533     const response = await request(baseUrl)
                                   ~~~~~~~

      test/integration.spec.ts:1:1
        1 import * as request from 'supertest';
          ~~~~~~~~~~~~~~~~~~~~~~~~~~~~~~~~~~~~~
        Type originates at this import. A namespace-style import cannot be called or constructed, and will cause a failure at runtime. Consider using a default import or import require here instead.
    test/integration.spec.ts:544:28 - error TS2349: This expression is not callable.
      Type '{ default: SuperTestStatic; Test: typeof Test; agent: typeof TestAgent &amp; ((app?: App, options?: AgentOptions) =&gt; TestAgent&lt;Test&gt;); }' has no call signatures.

    544     const response = await request(baseUrl)
                                   ~~~~~~~

      test/integration.spec.ts:1:1
        1 import * as request from 'supertest';
          ~~~~~~~~~~~~~~~~~~~~~~~~~~~~~~~~~~~~~
        Type originates at this import. A namespace-style import cannot be called or constructed, and will cause a failure at runtime. Consider using a default import or import require here instead.
    test/integration.spec.ts:555:11 - error TS2349: This expression is not callable.
      Type '{ default: SuperTestStatic; Test: typeof Test; agent: typeof TestAgent &amp; ((app?: App, options?: AgentOptions) =&gt; TestAgent&lt;Test&gt;); }' has no call signatures.

    555     await request(baseUrl)
                  ~~~~~~~

      test/integration.spec.ts:1:1
        1 import * as request from 'supertest';
          ~~~~~~~~~~~~~~~~~~~~~~~~~~~~~~~~~~~~~
        Type originates at this import. A namespace-style import cannot be called or constructed, and will cause a failure at runtime. Consider using a default import or import require here instead.
    test/integration.spec.ts:561:28 - error TS2349: This expression is not callable.
      Type '{ default: SuperTestStatic; Test: typeof Test; agent: typeof TestAgent &amp; ((app?: App, options?: AgentOptions) =&gt; TestAgent&lt;Test&gt;); }' has no call signatures.

    561     const response = await request(baseUrl)
                                   ~~~~~~~

      test/integration.spec.ts:1:1
        1 import * as request from 'supertest';
          ~~~~~~~~~~~~~~~~~~~~~~~~~~~~~~~~~~~~~
        Type originates at this import. A namespace-style import cannot be called or constructed, and will cause a failure at runtime. Consider using a default import or import require here instead.
    test/integration.spec.ts:574:28 - error TS2349: This expression is not callable.
      Type '{ default: SuperTestStatic; Test: typeof Test; agent: typeof TestAgent &amp; ((app?: App, options?: AgentOptions) =&gt; TestAgent&lt;Test&gt;); }' has no call signatures.

    574     const response = await request(baseUrl)
                                   ~~~~~~~

      test/integration.spec.ts:1:1
        1 import * as request from 'supertest';
          ~~~~~~~~~~~~~~~~~~~~~~~~~~~~~~~~~~~~~
        Type originates at this import. A namespace-style import cannot be called or constructed, and will cause a failure at runtime. Consider using a default import or import require here instead.
    test/integration.spec.ts:586:28 - error TS2349: This expression is not callable.
      Type '{ default: SuperTestStatic; Test: typeof Test; agent: typeof TestAgent &amp; ((app?: App, options?: AgentOptions) =&gt; TestAgent&lt;Test&gt;); }' has no call signatures.

    586     const response = await request(baseUrl)
                                   ~~~~~~~

      test/integration.spec.ts:1:1
        1 import * as request from 'supertest';
          ~~~~~~~~~~~~~~~~~~~~~~~~~~~~~~~~~~~~~
        Type originates at this import. A namespace-style import cannot be called or constructed, and will cause a failure at runtime. Consider using a default import or import require here instead.
    test/integration.spec.ts:599:28 - error TS2349: This expression is not callable.
      Type '{ default: SuperTestStatic; Test: typeof Test; agent: typeof TestAgent &amp; ((app?: App, options?: AgentOptions) =&gt; TestAgent&lt;Test&gt;); }' has no call signatures.

    599     const response = await request(baseUrl)
                                   ~~~~~~~

      test/integration.spec.ts:1:1
        1 import * as request from 'supertest';
          ~~~~~~~~~~~~~~~~~~~~~~~~~~~~~~~~~~~~~
        Type originates at this import. A namespace-style import cannot be called or constructed, and will cause a failure at runtime. Consider using a default import or import require here instead.
    test/integration.spec.ts:611:28 - error TS2349: This expression is not callable.
      Type '{ default: SuperTestStatic; Test: typeof Test; agent: typeof TestAgent &amp; ((app?: App, options?: AgentOptions) =&gt; TestAgent&lt;Test&gt;); }' has no call signatures.

    611     const response = await request(baseUrl)
                                   ~~~~~~~

      test/integration.spec.ts:1:1
        1 import * as request from 'supertest';
          ~~~~~~~~~~~~~~~~~~~~~~~~~~~~~~~~~~~~~
        Type originates at this import. A namespace-style import cannot be called or constructed, and will cause a failure at runtime. Consider using a default import or import require here instead.
    test/integration.spec.ts:624:28 - error TS2349: This expression is not callable.
      Type '{ default: SuperTestStatic; Test: typeof Test; agent: typeof TestAgent &amp; ((app?: App, options?: AgentOptions) =&gt; TestAgent&lt;Test&gt;); }' has no call signatures.

    624     const response = await request(baseUrl)
                                   ~~~~~~~

      test/integration.spec.ts:1:1
        1 import * as request from 'supertest';
          ~~~~~~~~~~~~~~~~~~~~~~~~~~~~~~~~~~~~~
        Type originates at this import. A namespace-style import cannot be called or constructed, and will cause a failure at runtime. Consider using a default import or import require here instead.
    test/integration.spec.ts:691:28 - error TS2349: This expression is not callable.
      Type '{ default: SuperTestStatic; Test: typeof Test; agent: typeof TestAgent &amp; ((app?: App, options?: AgentOptions) =&gt; TestAgent&lt;Test&gt;); }' has no call signatures.

    691     const response = await request(baseUrl)
                                   ~~~~~~~

      test/integration.spec.ts:1:1
        1 import * as request from 'supertest';
          ~~~~~~~~~~~~~~~~~~~~~~~~~~~~~~~~~~~~~
        Type originates at this import. A namespace-style import cannot be called or constructed, and will cause a failure at runtime. Consider using a default import or import require here instead.
    test/integration.spec.ts:705:28 - error TS2349: This expression is not callable.
      Type '{ default: SuperTestStatic; Test: typeof Test; agent: typeof TestAgent &amp; ((app?: App, options?: AgentOptions) =&gt; TestAgent&lt;Test&gt;); }' has no call signatures.

    705     const response = await request(baseUrl)
                                   ~~~~~~~

      test/integration.spec.ts:1:1
        1 import * as request from 'supertest';
          ~~~~~~~~~~~~~~~~~~~~~~~~~~~~~~~~~~~~~
        Type originates at this import. A namespace-style import cannot be called or constructed, and will cause a failure at runtime. Consider using a default import or import require here instead.
    test/integration.spec.ts:715:28 - error TS2349: This expression is not callable.
      Type '{ default: SuperTestStatic; Test: typeof Test; agent: typeof TestAgent &amp; ((app?: App, options?: AgentOptions) =&gt; TestAgent&lt;Test&gt;); }' has no call signatures.

    715     const response = await request(baseUrl)
                                   ~~~~~~~

      test/integration.spec.ts:1:1
        1 import * as request from 'supertest';
          ~~~~~~~~~~~~~~~~~~~~~~~~~~~~~~~~~~~~~
        Type originates at this import. A namespace-style import cannot be called or constructed, and will cause a failure at runtime. Consider using a default import or import require here instead.
    test/integration.spec.ts:726:34 - error TS2349: This expression is not callable.
      Type '{ default: SuperTestStatic; Test: typeof Test; agent: typeof TestAgent &amp; ((app?: App, options?: AgentOptions) =&gt; TestAgent&lt;Test&gt;); }' has no call signatures.

    726     const newJobResponse = await request(baseUrl)
                                         ~~~~~~~

      test/integration.spec.ts:1:1
        1 import * as request from 'supertest';
          ~~~~~~~~~~~~~~~~~~~~~~~~~~~~~~~~~~~~~
        Type originates at this import. A namespace-style import cannot be called or constructed, and will cause a failure at runtime. Consider using a default import or import require here instead.
    test/integration.spec.ts:741:28 - error TS2349: This expression is not callable.
      Type '{ default: SuperTestStatic; Test: typeof Test; agent: typeof TestAgent &amp; ((app?: App, options?: AgentOptions) =&gt; TestAgent&lt;Test&gt;); }' has no call signatures.

    741     const response = await request(baseUrl)
                                   ~~~~~~~

      test/integration.spec.ts:1:1
        1 import * as request from 'supertest';
          ~~~~~~~~~~~~~~~~~~~~~~~~~~~~~~~~~~~~~
        Type originates at this import. A namespace-style import cannot be called or constructed, and will cause a failure at runtime. Consider using a default import or import require here instead.
    test/integration.spec.ts:751:28 - error TS2349: This expression is not callable.
      Type '{ default: SuperTestStatic; Test: typeof Test; agent: typeof TestAgent &amp; ((app?: App, options?: AgentOptions) =&gt; TestAgent&lt;Test&gt;); }' has no call signatures.

    751     const response = await request(baseUrl)
                                   ~~~~~~~

      test/integration.spec.ts:1:1
        1 import * as request from 'supertest';
          ~~~~~~~~~~~~~~~~~~~~~~~~~~~~~~~~~~~~~
        Type originates at this import. A namespace-style import cannot be called or constructed, and will cause a failure at runtime. Consider using a default import or import require here instead.
    test/integration.spec.ts:760:11 - error TS2349: This expression is not callable.
      Type '{ default: SuperTestStatic; Test: typeof Test; agent: typeof TestAgent &amp; ((app?: App, options?: AgentOptions) =&gt; TestAgent&lt;Test&gt;); }' has no call signatures.

    760     await request(baseUrl)
                  ~~~~~~~

      test/integration.spec.ts:1:1
        1 import * as request from 'supertest';
          ~~~~~~~~~~~~~~~~~~~~~~~~~~~~~~~~~~~~~
        Type originates at this import. A namespace-style import cannot be called or constructed, and will cause a failure at runtime. Consider using a default import or import require here instead.
    test/integration.spec.ts:764:28 - error TS2349: This expression is not callable.
      Type '{ default: SuperTestStatic; Test: typeof Test; agent: typeof TestAgent &amp; ((app?: App, options?: AgentOptions) =&gt; TestAgent&lt;Test&gt;); }' has no call signatures.

    764     const response = await request(baseUrl)
                                   ~~~~~~~

      test/integration.spec.ts:1:1
        1 import * as request from 'supertest';
          ~~~~~~~~~~~~~~~~~~~~~~~~~~~~~~~~~~~~~
        Type originates at this import. A namespace-style import cannot be called or constructed, and will cause a failure at runtime. Consider using a default import or import require here instead.
    test/integration.spec.ts:773:32 - error TS2349: This expression is not callable.
      Type '{ default: SuperTestStatic; Test: typeof Test; agent: typeof TestAgent &amp; ((app?: App, options?: AgentOptions) =&gt; TestAgent&lt;Test&gt;); }' has no call signatures.

    773     const newComplaint = await request(baseUrl)
                                       ~~~~~~~

      test/integration.spec.ts:1:1
        1 import * as request from 'supertest';
          ~~~~~~~~~~~~~~~~~~~~~~~~~~~~~~~~~~~~~
        Type originates at this import. A namespace-style import cannot be called or constructed, and will cause a failure at runtime. Consider using a default import or import require here instead.
    test/integration.spec.ts:780:28 - error TS2349: This expression is not callable.
      Type '{ default: SuperTestStatic; Test: typeof Test; agent: typeof TestAgent &amp; ((app?: App, options?: AgentOptions) =&gt; TestAgent&lt;Test&gt;); }' has no call signatures.

    780     const response = await request(baseUrl)
                                   ~~~~~~~

      test/integration.spec.ts:1:1
        1 import * as request from 'supertest';
          ~~~~~~~~~~~~~~~~~~~~~~~~~~~~~~~~~~~~~
        Type originates at this import. A namespace-style import cannot be called or constructed, and will cause a failure at runtime. Consider using a default import or import require here instead.
    test/integration.spec.ts:792:28 - error TS2349: This expression is not callable.
      Type '{ default: SuperTestStatic; Test: typeof Test; agent: typeof TestAgent &amp; ((app?: App, options?: AgentOptions) =&gt; TestAgent&lt;Test&gt;); }' has no call signatures.

    792     const response = await request(baseUrl)
                                   ~~~~~~~

      test/integration.spec.ts:1:1
        1 import * as request from 'supertest';
          ~~~~~~~~~~~~~~~~~~~~~~~~~~~~~~~~~~~~~
        Type originates at this import. A namespace-style import cannot be called or constructed, and will cause a failure at runtime. Consider using a default import or import require here instead.
    test/integration.spec.ts:807:11 - error TS2349: This expression is not callable.
      Type '{ default: SuperTestStatic; Test: typeof Test; agent: typeof TestAgent &amp; ((app?: App, options?: AgentOptions) =&gt; TestAgent&lt;Test&gt;); }' has no call signatures.

    807     await request(baseUrl)
                  ~~~~~~~

      test/integration.spec.ts:1:1
        1 import * as request from 'supertest';
          ~~~~~~~~~~~~~~~~~~~~~~~~~~~~~~~~~~~~~
        Type originates at this import. A namespace-style import cannot be called or constructed, and will cause a failure at runtime. Consider using a default import or import require here instead.
    test/integration.spec.ts:811:33 - error TS2349: This expression is not callable.
      Type '{ default: SuperTestStatic; Test: typeof Test; agent: typeof TestAgent &amp; ((app?: App, options?: AgentOptions) =&gt; TestAgent&lt;Test&gt;); }' has no call signatures.

    811     const loginResponse = await request(baseUrl)
                                        ~~~~~~~

      test/integration.spec.ts:1:1
        1 import * as request from 'supertest';
          ~~~~~~~~~~~~~~~~~~~~~~~~~~~~~~~~~~~~~
        Type originates at this import. A namespace-style import cannot be called or constructed, and will cause a failure at runtime. Consider using a default import or import require here instead.
    test/integration.spec.ts:817:11 - error TS2349: This expression is not callable.
      Type '{ default: SuperTestStatic; Test: typeof Test; agent: typeof TestAgent &amp; ((app?: App, options?: AgentOptions) =&gt; TestAgent&lt;Test&gt;); }' has no call signatures.

    817     await request(baseUrl)
                  ~~~~~~~

      test/integration.spec.ts:1:1
        1 import * as request from 'supertest';
          ~~~~~~~~~~~~~~~~~~~~~~~~~~~~~~~~~~~~~
        Type originates at this import. A namespace-style import cannot be called or constructed, and will cause a failure at runtime. Consider using a default import or import require here instead.
    test/integration.spec.ts:825:11 - error TS2349: This expression is not callable.
      Type '{ default: SuperTestStatic; Test: typeof Test; agent: typeof TestAgent &amp; ((app?: App, options?: AgentOptions) =&gt; TestAgent&lt;Test&gt;); }' has no call signatures.

    825     await request(baseUrl)
                  ~~~~~~~

      test/integration.spec.ts:1:1
        1 import * as request from 'supertest';
          ~~~~~~~~~~~~~~~~~~~~~~~~~~~~~~~~~~~~~
        Type originates at this import. A namespace-style import cannot be called or constructed, and will cause a failure at runtime. Consider using a default import or import require here instead.
    test/integration.spec.ts:831:34 - error TS2349: This expression is not callable.
      Type '{ default: SuperTestStatic; Test: typeof Test; agent: typeof TestAgent &amp; ((app?: App, options?: AgentOptions) =&gt; TestAgent&lt;Test&gt;); }' has no call signatures.

    831     const deleteResponse = await request(baseUrl)
                                         ~~~~~~~

      test/integration.spec.ts:1:1
        1 import * as request from 'supertest';
          ~~~~~~~~~~~~~~~~~~~~~~~~~~~~~~~~~~~~~
        Type originates at this import. A namespace-style import cannot be called or constructed, and will cause a failure at runtime. Consider using a default import or import require here instead.
    test/integration.spec.ts:836:38 - error TS2349: This expression is not callable.
      Type '{ default: SuperTestStatic; Test: typeof Test; agent: typeof TestAgent &amp; ((app?: App, options?: AgentOptions) =&gt; TestAgent&lt;Test&gt;); }' has no call signatures.

    836     const complaintsResponse = await request(baseUrl)
                                             ~~~~~~~

      test/integration.spec.ts:1:1
        1 import * as request from 'supertest';
          ~~~~~~~~~~~~~~~~~~~~~~~~~~~~~~~~~~~~~
        Type originates at this import. A namespace-style import cannot be called or constructed, and will cause a failure at runtime. Consider using a default import or import require here instead.
    test/integration.spec.ts:846:28 - error TS2349: This expression is not callable.
      Type '{ default: SuperTestStatic; Test: typeof Test; agent: typeof TestAgent &amp; ((app?: App, options?: AgentOptions) =&gt; TestAgent&lt;Test&gt;); }' has no call signatures.

    846     const response = await request(baseUrl)
                                   ~~~~~~~

      test/integration.spec.ts:1:1
        1 import * as request from 'supertest';
          ~~~~~~~~~~~~~~~~~~~~~~~~~~~~~~~~~~~~~
        Type originates at this import. A namespace-style import cannot be called or constructed, and will cause a failure at runtime. Consider using a default import or import require here instead.
    test/integration.spec.ts:853:31 - error TS2349: This expression is not callable.
      Type '{ default: SuperTestStatic; Test: typeof Test; agent: typeof TestAgent &amp; ((app?: App, options?: AgentOptions) =&gt; TestAgent&lt;Test&gt;); }' has no call signatures.

    853     const getResponse = await request(baseUrl)
                                      ~~~~~~~

      test/integration.spec.ts:1:1
        1 import * as request from 'supertest';
          ~~~~~~~~~~~~~~~~~~~~~~~~~~~~~~~~~~~~~
        Type originates at this import. A namespace-style import cannot be called or constructed, and will cause a failure at runtime. Consider using a default import or import require here instead.
    test/integration.spec.ts:862:28 - error TS2349: This expression is not callable.
      Type '{ default: SuperTestStatic; Test: typeof Test; agent: typeof TestAgent &amp; ((app?: App, options?: AgentOptions) =&gt; TestAgent&lt;Test&gt;); }' has no call signatures.

    862     const response = await request(baseUrl)
                                   ~~~~~~~

      test/integration.spec.ts:1:1
        1 import * as request from 'supertest';
          ~~~~~~~~~~~~~~~~~~~~~~~~~~~~~~~~~~~~~
        Type originates at this import. A namespace-style import cannot be called or constructed, and will cause a failure at runtime. Consider using a default import or import require here instead.
    test/integration.spec.ts:873:34 - error TS2349: This expression is not callable.
      Type '{ default: SuperTestStatic; Test: typeof Test; agent: typeof TestAgent &amp; ((app?: App, options?: AgentOptions) =&gt; TestAgent&lt;Test&gt;); }' has no call signatures.

    873     const newJobResponse = await request(baseUrl)
                                         ~~~~~~~

      test/integration.spec.ts:1:1
        1 import * as request from 'supertest';
          ~~~~~~~~~~~~~~~~~~~~~~~~~~~~~~~~~~~~~
        Type originates at this import. A namespace-style import cannot be called or constructed, and will cause a failure at runtime. Consider using a default import or import require here instead.
    test/integration.spec.ts:888:11 - error TS2349: This expression is not callable.
      Type '{ default: SuperTestStatic; Test: typeof Test; agent: typeof TestAgent &amp; ((app?: App, options?: AgentOptions) =&gt; TestAgent&lt;Test&gt;); }' has no call signatures.

    888     await request(baseUrl)
                  ~~~~~~~

      test/integration.spec.ts:1:1
        1 import * as request from 'supertest';
          ~~~~~~~~~~~~~~~~~~~~~~~~~~~~~~~~~~~~~
        Type originates at this import. A namespace-style import cannot be called or constructed, and will cause a failure at runtime. Consider using a default import or import require here instead.
    test/integration.spec.ts:892:28 - error TS2349: This expression is not callable.
      Type '{ default: SuperTestStatic; Test: typeof Test; agent: typeof TestAgent &amp; ((app?: App, options?: AgentOptions) =&gt; TestAgent&lt;Test&gt;); }' has no call signatures.

    892     const response = await request(baseUrl)
                                   ~~~~~~~

      test/integration.spec.ts:1:1
        1 import * as request from 'supertest';
          ~~~~~~~~~~~~~~~~~~~~~~~~~~~~~~~~~~~~~
        Type originates at this import. A namespace-style import cannot be called or constructed, and will cause a failure at runtime. Consider using a default import or import require here instead.
    test/integration.spec.ts:905:28 - error TS2349: This expression is not callable.
      Type '{ default: SuperTestStatic; Test: typeof Test; agent: typeof TestAgent &amp; ((app?: App, options?: AgentOptions) =&gt; TestAgent&lt;Test&gt;); }' has no call signatures.

    905     const response = await request(baseUrl)
                                   ~~~~~~~

      test/integration.spec.ts:1:1
        1 import * as request from 'supertest';
          ~~~~~~~~~~~~~~~~~~~~~~~~~~~~~~~~~~~~~
        Type originates at this import. A namespace-style import cannot be called or constructed, and will cause a failure at runtime. Consider using a default import or import require here instead.
    test/integration.spec.ts:914:28 - error TS2349: This expression is not callable.
      Type '{ default: SuperTestStatic; Test: typeof Test; agent: typeof TestAgent &amp; ((app?: App, options?: AgentOptions) =&gt; TestAgent&lt;Test&gt;); }' has no call signatures.

    914     const response = await request(baseUrl)
                                   ~~~~~~~

      test/integration.spec.ts:1:1
        1 import * as request from 'supertest';
          ~~~~~~~~~~~~~~~~~~~~~~~~~~~~~~~~~~~~~
        Type originates at this import. A namespace-style import cannot be called or constructed, and will cause a failure at runtime. Consider using a default import or import require here instead.
    test/integration.spec.ts:924:28 - error TS2349: This expression is not callable.
      Type '{ default: SuperTestStatic; Test: typeof Test; agent: typeof TestAgent &amp; ((app?: App, options?: AgentOptions) =&gt; TestAgent&lt;Test&gt;); }' has no call signatures.

    924     const response = await request(baseUrl)
                                   ~~~~~~~

      test/integration.spec.ts:1:1
        1 import * as request from 'supertest';
          ~~~~~~~~~~~~~~~~~~~~~~~~~~~~~~~~~~~~~
        Type originates at this import. A namespace-style import cannot be called or constructed, and will cause a failure at runtime. Consider using a default import or import require here instead.
    test/integration.spec.ts:934:28 - error TS2349: This expression is not callable.
      Type '{ default: SuperTestStatic; Test: typeof Test; agent: typeof TestAgent &amp; ((app?: App, options?: AgentOptions) =&gt; TestAgent&lt;Test&gt;); }' has no call signatures.

    934     const response = await request(baseUrl)
                                   ~~~~~~~

      test/integration.spec.ts:1:1
        1 import * as request from 'supertest';
          ~~~~~~~~~~~~~~~~~~~~~~~~~~~~~~~~~~~~~
        Type originates at this import. A namespace-style import cannot be called or constructed, and will cause a failure at runtime. Consider using a default import or import require here instead.
    test/integration.spec.ts:945:28 - error TS2349: This expression is not callable.
      Type '{ default: SuperTestStatic; Test: typeof Test; agent: typeof TestAgent &amp; ((app?: App, options?: AgentOptions) =&gt; TestAgent&lt;Test&gt;); }' has no call signatures.

    945     const response = await request(baseUrl)
                                   ~~~~~~~

      test/integration.spec.ts:1:1
        1 import * as request from 'supertest';
          ~~~~~~~~~~~~~~~~~~~~~~~~~~~~~~~~~~~~~
        Type originates at this import. A namespace-style import cannot be called or constructed, and will cause a failure at runtime. Consider using a default import or import require here instead.
    test/integration.spec.ts:957:33 - error TS2349: This expression is not callable.
      Type '{ default: SuperTestStatic; Test: typeof Test; agent: typeof TestAgent &amp; ((app?: App, options?: AgentOptions) =&gt; TestAgent&lt;Test&gt;); }' has no call signatures.

    957     const blockResponse = await request(baseUrl)
                                        ~~~~~~~

      test/integration.spec.ts:1:1
        1 import * as request from 'supertest';
          ~~~~~~~~~~~~~~~~~~~~~~~~~~~~~~~~~~~~~
        Type originates at this import. A namespace-style import cannot be called or constructed, and will cause a failure at runtime. Consider using a default import or import require here instead.
    test/integration.spec.ts:964:31 - error TS2349: This expression is not callable.
      Type '{ default: SuperTestStatic; Test: typeof Test; agent: typeof TestAgent &amp; ((app?: App, options?: AgentOptions) =&gt; TestAgent&lt;Test&gt;); }' has no call signatures.

    964     const getResponse = await request(baseUrl)
                                      ~~~~~~~

      test/integration.spec.ts:1:1
        1 import * as request from 'supertest';
          ~~~~~~~~~~~~~~~~~~~~~~~~~~~~~~~~~~~~~
        Type originates at this import. A namespace-style import cannot be called or constructed, and will cause a failure at runtime. Consider using a default import or import require here instead.
    test/integration.spec.ts:969:11 - error TS2349: This expression is not callable.
      Type '{ default: SuperTestStatic; Test: typeof Test; agent: typeof TestAgent &amp; ((app?: App, options?: AgentOptions) =&gt; TestAgent&lt;Test&gt;); }' has no call signatures.

    969     await request(baseUrl)
                  ~~~~~~~

      test/integration.spec.ts:1:1
        1 import * as request from 'supertest';
          ~~~~~~~~~~~~~~~~~~~~~~~~~~~~~~~~~~~~~
        Type originates at this import. A namespace-style import cannot be called or constructed, and will cause a failure at runtime. Consider using a default import or import require here instead.
</pre></div></div></div></details></main></body></html>